# JRE version: Java(TM) SE Runtime Environment (8.0_201-b09) (build 1.8.0_201-b09)
# Java VM: Java HotSpot(TM) 64-Bit Server VM (25.201-b09 mixed mode linux-amd64 compressed oops)
Heap:
 def new generation   total 16512K, used 5950K [0x00000000c0000000, 0x00000000c11e0000, 0x00000000d5550000)
  eden space 14720K,  31% used [0x00000000c0000000, 0x00000000c04974c8, 0x00000000c0e60000)
  from space 1792K,  69% used [0x00000000c1020000, 0x00000000c1158720, 0x00000000c11e0000)
  to   space 1792K,   0% used [0x00000000c0e60000, 0x00000000c0e60000, 0x00000000c1020000)
 tenured generation   total 36540K, used 25618K [0x00000000d5550000, 0x00000000d78ff000, 0x0000000100000000)
   the space 36540K,  70% used [0x00000000d5550000, 0x00000000d6e54830, 0x00000000d6e54a00, 0x00000000d78ff000)
 Metaspace       used 74108K, capacity 74496K, committed 75008K, reserved 1114112K
  class space    used 10342K, capacity 10427K, committed 10496K, reserved 1048576K
GC Heap History (10 events):
Event: 324.312 GC heap before
{Heap before GC invocations=142 (full 3):
 def new generation   total 11072K, used 11071K [0x00000000c0000000, 0x00000000c0c00000, 0x00000000d5550000)
  eden space 9856K, 100% used [0x00000000c0000000, 0x00000000c09a0000, 0x00000000c09a0000)
  from space 1216K,  99% used [0x00000000c0ad0000, 0x00000000c0bffff8, 0x00000000c0c00000)
  to   space 1216K,   0% used [0x00000000c09a0000, 0x00000000c09a0000, 0x00000000c0ad0000)
 tenured generation   total 24468K, used 23371K [0x00000000d5550000, 0x00000000d6d35000, 0x0000000100000000)
   the space 24468K,  95% used [0x00000000d5550000, 0x00000000d6c22d40, 0x00000000d6c22e00, 0x00000000d6d35000)
 Metaspace       used 69940K, capacity 70328K, committed 70784K, reserved 1110016K
  class space    used 9732K, capacity 9849K, committed 9856K, reserved 1048576K
Event: 324.492 GC heap after
Heap after GC invocations=143 (full 4):
 def new generation   total 16512K, used 0K [0x00000000c0000000, 0x00000000c11e0000, 0x00000000d5550000)
  eden space 14720K,   0% used [0x00000000c0000000, 0x00000000c0000000, 0x00000000c0e60000)
  from space 1792K,   0% used [0x00000000c0e60000, 0x00000000c0e60000, 0x00000000c1020000)
  to   space 1792K,   0% used [0x00000000c1020000, 0x00000000c1020000, 0x00000000c11e0000)
 tenured generation   total 36540K, used 21921K [0x00000000d5550000, 0x00000000d78ff000, 0x0000000100000000)
   the space 36540K,  59% used [0x00000000d5550000, 0x00000000d6ab8670, 0x00000000d6ab8800, 0x00000000d78ff000)
 Metaspace       used 69940K, capacity 70328K, committed 70784K, reserved 1110016K
  class space    used 9732K, capacity 9849K, committed 9856K, reserved 1048576K
}
Event: 325.283 GC heap before
{Heap before GC invocations=143 (full 4):
 def new generation   total 16512K, used 14720K [0x00000000c0000000, 0x00000000c11e0000, 0x00000000d5550000)
  eden space 14720K, 100% used [0x00000000c0000000, 0x00000000c0e60000, 0x00000000c0e60000)
  from space 1792K,   0% used [0x00000000c0e60000, 0x00000000c0e60000, 0x00000000c1020000)
  to   space 1792K,   0% used [0x00000000c1020000, 0x00000000c1020000, 0x00000000c11e0000)
 tenured generation   total 36540K, used 21921K [0x00000000d5550000, 0x00000000d78ff000, 0x0000000100000000)
   the space 36540K,  59% used [0x00000000d5550000, 0x00000000d6ab8670, 0x00000000d6ab8800, 0x00000000d78ff000)
 Metaspace       used 71487K, capacity 71928K, committed 72320K, reserved 1112064K
  class space    used 9985K, capacity 10105K, committed 10112K, reserved 1048576K
Event: 325.299 GC heap after
Heap after GC invocations=144 (full 4):
 def new generation   total 16512K, used 1590K [0x00000000c0000000, 0x00000000c11e0000, 0x00000000d5550000)
  eden space 14720K,   0% used [0x00000000c0000000, 0x00000000c0000000, 0x00000000c0e60000)
  from space 1792K,  88% used [0x00000000c1020000, 0x00000000c11ad890, 0x00000000c11e0000)
  to   space 1792K,   0% used [0x00000000c0e60000, 0x00000000c0e60000, 0x00000000c1020000)
 tenured generation   total 36540K, used 21921K [0x00000000d5550000, 0x00000000d78ff000, 0x0000000100000000)
   the space 36540K,  59% used [0x00000000d5550000, 0x00000000d6ab8670, 0x00000000d6ab8800, 0x00000000d78ff000)
 Metaspace       used 71487K, capacity 71928K, committed 72320K, reserved 1112064K
  class space    used 9985K, capacity 10105K, committed 10112K, reserved 1048576K
}
Event: 325.824 GC heap before
{Heap before GC invocations=144 (full 4):
 def new generation   total 16512K, used 16310K [0x00000000c0000000, 0x00000000c11e0000, 0x00000000d5550000)
  eden space 14720K, 100% used [0x00000000c0000000, 0x00000000c0e60000, 0x00000000c0e60000)
  from space 1792K,  88% used [0x00000000c1020000, 0x00000000c11ad890, 0x00000000c11e0000)
  to   space 1792K,   0% used [0x00000000c0e60000, 0x00000000c0e60000, 0x00000000c1020000)
 tenured generation   total 36540K, used 21921K [0x00000000d5550000, 0x00000000d78ff000, 0x0000000100000000)
   the space 36540K,  59% used [0x00000000d5550000, 0x00000000d6ab8670, 0x00000000d6ab8800, 0x00000000d78ff000)
 Metaspace       used 72133K, capacity 72544K, committed 72960K, reserved 1112064K
  class space    used 10083K, capacity 10203K, committed 10240K, reserved 1048576K
Event: 325.836 GC heap after
Heap after GC invocations=145 (full 4):
 def new generation   total 16512K, used 1353K [0x00000000c0000000, 0x00000000c11e0000, 0x00000000d5550000)
  eden space 14720K,   0% used [0x00000000c0000000, 0x00000000c0000000, 0x00000000c0e60000)
  from space 1792K,  75% used [0x00000000c0e60000, 0x00000000c0fb2758, 0x00000000c1020000)
  to   space 1792K,   0% used [0x00000000c1020000, 0x00000000c1020000, 0x00000000c11e0000)
 tenured generation   total 36540K, used 22560K [0x00000000d5550000, 0x00000000d78ff000, 0x0000000100000000)
   the space 36540K,  61% used [0x00000000d5550000, 0x00000000d6b581d0, 0x00000000d6b58200, 0x00000000d78ff000)
 Metaspace       used 72133K, capacity 72544K, committed 72960K, reserved 1112064K
  class space    used 10083K, capacity 10203K, committed 10240K, reserved 1048576K
}
Event: 326.612 GC heap before
{Heap before GC invocations=145 (full 4):
 def new generation   total 16512K, used 16073K [0x00000000c0000000, 0x00000000c11e0000, 0x00000000d5550000)
  eden space 14720K, 100% used [0x00000000c0000000, 0x00000000c0e60000, 0x00000000c0e60000)
  from space 1792K,  75% used [0x00000000c0e60000, 0x00000000c0fb2758, 0x00000000c1020000)
  to   space 1792K,   0% used [0x00000000c1020000, 0x00000000c1020000, 0x00000000c11e0000)
 tenured generation   total 36540K, used 22560K [0x00000000d5550000, 0x00000000d78ff000, 0x0000000100000000)
   the space 36540K,  61% used [0x00000000d5550000, 0x00000000d6b581d0, 0x00000000d6b58200, 0x00000000d78ff000)
 Metaspace       used 73113K, capacity 73504K, committed 73856K, reserved 1112064K
  class space    used 10220K, capacity 10331K, committed 10368K, reserved 1048576K
Event: 326.630 GC heap after
Heap after GC invocations=146 (full 4):
 def new generation   total 16512K, used 1791K [0x00000000c0000000, 0x00000000c11e0000, 0x00000000d5550000)
  eden space 14720K,   0% used [0x00000000c0000000, 0x00000000c0000000, 0x00000000c0e60000)
  from space 1792K,  99% used [0x00000000c1020000, 0x00000000c11dfff0, 0x00000000c11e0000)
  to   space 1792K,   0% used [0x00000000c0e60000, 0x00000000c0e60000, 0x00000000c1020000)
 tenured generation   total 36540K, used 24026K [0x00000000d5550000, 0x00000000d78ff000, 0x0000000100000000)
   the space 36540K,  65% used [0x00000000d5550000, 0x00000000d6cc68a0, 0x00000000d6cc6a00, 0x00000000d78ff000)
 Metaspace       used 73113K, capacity 73504K, committed 73856K, reserved 1112064K
  class space    used 10220K, capacity 10331K, committed 10368K, reserved 1048576K
}
Event: 326.917 GC heap before
{Heap before GC invocations=146 (full 4):
 def new generation   total 16512K, used 16511K [0x00000000c0000000, 0x00000000c11e0000, 0x00000000d5550000)
  eden space 14720K, 100% used [0x00000000c0000000, 0x00000000c0e60000, 0x00000000c0e60000)
  from space 1792K,  99% used [0x00000000c1020000, 0x00000000c11dfff0, 0x00000000c11e0000)
  to   space 1792K,   0% used [0x00000000c0e60000, 0x00000000c0e60000, 0x00000000c1020000)
 tenured generation   total 36540K, used 24026K [0x00000000d5550000, 0x00000000d78ff000, 0x0000000100000000)
   the space 36540K,  65% used [0x00000000d5550000, 0x00000000d6cc68a0, 0x00000000d6cc6a00, 0x00000000d78ff000)
 Metaspace       used 73265K, capacity 73664K, committed 74112K, reserved 1114112K
  class space    used 10249K, capacity 10363K, committed 10368K, reserved 1048576K
Event: 326.929 GC heap after
Heap after GC invocations=147 (full 4):
 def new generation   total 16512K, used 315K [0x00000000c0000000, 0x00000000c11e0000, 0x00000000d5550000)
  eden space 14720K,   0% used [0x00000000c0000000, 0x00000000c0000000, 0x00000000c0e60000)
  from space 1792K,  17% used [0x00000000c0e60000, 0x00000000c0eaec20, 0x00000000c1020000)
  to   space 1792K,   0% used [0x00000000c1020000, 0x00000000c1020000, 0x00000000c11e0000)
 tenured generation   total 36540K, used 25618K [0x00000000d5550000, 0x00000000d78ff000, 0x0000000100000000)
   the space 36540K,  70% used [0x00000000d5550000, 0x00000000d6e54830, 0x00000000d6e54a00, 0x00000000d78ff000)
 Metaspace       used 73265K, capacity 73664K, committed 74112K, reserved 1114112K
  class space    used 10249K, capacity 10363K, committed 10368K, reserved 1048576K
}

